<?xml version="1.0" encoding="utf-8" standalone="no"?>
<!--This file represents the results of running a test suite-->
<test-results name="C:\Users\phil.nwoha\documents\visual studio 2010\Projects\WindowsFormsApplication1\UnitTest\bin\Debug\UnitTest.dll" total="1" errors="1" failures="0" not-run="0" inconclusive="0" ignored="0" skipped="0" invalid="0" date="2012-01-17" time="16:36:59">
  <environment nunit-version="2.5.10.11092" clr-version="2.0.50727.5448" os-version="Microsoft Windows NT 6.1.7601 Service Pack 1" platform="Win32NT" cwd="C:\Users\phil.nwoha\documents\visual studio 2010\Projects\WindowsFormsApplication1\UnitTest\bin\Debug" machine-name="PHILNWOHA-PC" user="phil.nwoha" user-domain="philnwoha-PC" />
  <culture-info current-culture="en-US" current-uiculture="en-US" />
  <test-suite type="Assembly" name="C:\Users\phil.nwoha\documents\visual studio 2010\Projects\WindowsFormsApplication1\UnitTest\bin\Debug\UnitTest.dll" executed="True" result="Failure" success="False" time="0.080" asserts="0">
    <results>
      <test-suite type="Namespace" name="UnitTest" executed="True" result="Failure" success="False" time="0.073" asserts="0">
        <results>
          <test-suite type="TestFixture" name="Class1" executed="True" result="Failure" success="False" time="0.071" asserts="0">
            <results>
              <test-case name="UnitTest.Class1.testSavingNewUser" executed="True" result="Error" success="False" time="0.060" asserts="0">
                <failure>
                  <message><![CDATA[System.IO.IOException : The process cannot access the file 'C:\temp\unittest.txt' because it is being used by another process.]]></message>
                  <stack-trace><![CDATA[at System.IO.__Error.WinIOError(Int32 errorCode, String maybeFullPath)
at System.IO.FileStream.Init(String path, FileMode mode, FileAccess access, Int32 rights, Boolean useRights, FileShare share, Int32 bufferSize, FileOptions options, SECURITY_ATTRIBUTES secAttrs, String msgPath, Boolean bFromProxy, Boolean useLongPath)
at System.IO.FileStream..ctor(String path, FileMode mode, FileAccess access, FileShare share, Int32 bufferSize, FileOptions options)
at System.IO.StreamWriter.CreateFile(String path, Boolean append)
at System.IO.StreamWriter..ctor(String path, Boolean append, Encoding encoding, Int32 bufferSize)
at System.IO.StreamWriter..ctor(String path, Boolean append)
at WindowsFormsApplication1.Controller.save(String firstName, String lastName, String emailAddress, String password) in C:\Users\phil.nwoha\Documents\Visual Studio 2010\Projects\WindowsFormsApplication1\WindowsFormsApplication1\Controller.cs:line 67
at UnitTest.Class1.testSavingNewUser() in C:\Users\phil.nwoha\Documents\Visual Studio 2010\Projects\WindowsFormsApplication1\UnitTest\Class1.cs:line 24
]]></stack-trace>
                </failure>
              </test-case>
            </results>
          </test-suite>
        </results>
      </test-suite>
    </results>
  </test-suite>
</test-results>