<?xml version="1.0" encoding="utf-8" standalone="no"?>
<!--This file represents the results of running a test suite-->
<test-results name="C:\Users\phil.nwoha\Documents\Visual Studio 2010\Projects\WindowsFormsApplication1\WindowsFormsApplication1.sln" total="0" errors="0" failures="0" not-run="0" inconclusive="0" ignored="0" skipped="0" invalid="0" date="2012-01-17" time="16:09:22">
  <environment nunit-version="2.5.10.11092" clr-version="2.0.50727.5448" os-version="Microsoft Windows NT 6.1.7601 Service Pack 1" platform="Win32NT" cwd="C:\Users\phil.nwoha\Documents\Visual Studio 2010\Projects\WindowsFormsApplication1\UnitTest\bin\Debug" machine-name="PHILNWOHA-PC" user="phil.nwoha" user-domain="philnwoha-PC" />
  <culture-info current-culture="en-US" current-uiculture="en-US" />
  <test-suite type="Project" name="C:\Users\phil.nwoha\Documents\Visual Studio 2010\Projects\WindowsFormsApplication1\WindowsFormsApplication1.sln" executed="True" result="Inconclusive" success="False" time="0.011" asserts="0">
    <results>
      <test-suite type="Assembly" name="C:\Users\phil.nwoha\Documents\Visual Studio 2010\Projects\WindowsFormsApplication1\WindowsFormsApplication1\bin\Debug\WindowsFormsApplication1.exe" executed="True" result="Inconclusive" success="False" time="0.002" asserts="0" />
    </results>
  </test-suite>
</test-results>